D:\01_workspace\Github\expcodes\c\01-reverse-engineering\WinProcess\trunk\WinProcess\x64\Release\cl.command.1.tlog
D:\01_workspace\Github\expcodes\c\01-reverse-engineering\WinProcess\trunk\WinProcess\x64\Release\CL.read.1.tlog
D:\01_workspace\Github\expcodes\c\01-reverse-engineering\WinProcess\trunk\WinProcess\x64\Release\CL.write.1.tlog
D:\01_workspace\Github\expcodes\c\01-reverse-engineering\WinProcess\trunk\WinProcess\x64\Release\link.command.1.tlog
D:\01_workspace\Github\expcodes\c\01-reverse-engineering\WinProcess\trunk\WinProcess\x64\Release\link.read.1.tlog
D:\01_workspace\Github\expcodes\c\01-reverse-engineering\WinProcess\trunk\WinProcess\x64\Release\link.write.1.tlog
D:\01_workspace\Github\expcodes\c\01-reverse-engineering\WinProcess\trunk\WinProcess\x64\Release\link-cvtres.read.1.tlog
D:\01_workspace\Github\expcodes\c\01-reverse-engineering\WinProcess\trunk\WinProcess\x64\Release\link-cvtres.write.1.tlog
D:\01_workspace\Github\expcodes\c\01-reverse-engineering\WinProcess\trunk\WinProcess\x64\Release\mt.command.1.tlog
D:\01_workspace\Github\expcodes\c\01-reverse-engineering\WinProcess\trunk\WinProcess\x64\Release\mt.read.1.tlog
D:\01_workspace\Github\expcodes\c\01-reverse-engineering\WinProcess\trunk\WinProcess\x64\Release\mt.write.1.tlog
D:\01_workspace\Github\expcodes\c\01-reverse-engineering\WinProcess\trunk\WinProcess\x64\Release\ProcessModuleDlg.obj
D:\01_workspace\Github\expcodes\c\01-reverse-engineering\WinProcess\trunk\WinProcess\x64\Release\rc.command.1.tlog
D:\01_workspace\Github\expcodes\c\01-reverse-engineering\WinProcess\trunk\WinProcess\x64\Release\rc.read.1.tlog
D:\01_workspace\Github\expcodes\c\01-reverse-engineering\WinProcess\trunk\WinProcess\x64\Release\rc.write.1.tlog
D:\01_workspace\Github\expcodes\c\01-reverse-engineering\WinProcess\trunk\WinProcess\x64\Release\stdafx.obj
D:\01_workspace\Github\expcodes\c\01-reverse-engineering\WinProcess\trunk\WinProcess\x64\Release\SystemProcessMgr.obj
D:\01_workspace\Github\expcodes\c\01-reverse-engineering\WinProcess\trunk\WinProcess\x64\Release\vc100.pdb
D:\01_workspace\Github\expcodes\c\01-reverse-engineering\WinProcess\trunk\WinProcess\x64\Release\WinProcess.exe.intermediate.manifest
D:\01_workspace\Github\expcodes\c\01-reverse-engineering\WinProcess\trunk\WinProcess\x64\Release\WinProcess.obj
D:\01_workspace\Github\expcodes\c\01-reverse-engineering\WinProcess\trunk\WinProcess\x64\Release\WinProcess.pch
D:\01_workspace\Github\expcodes\c\01-reverse-engineering\WinProcess\trunk\WinProcess\x64\Release\WinProcess.res
D:\01_workspace\Github\expcodes\c\01-reverse-engineering\WinProcess\trunk\WinProcess\x64\Release\WinProcess.write.1.tlog
D:\01_workspace\Github\expcodes\c\01-reverse-engineering\WinProcess\trunk\WinProcess\x64\Release\WinProcessDlg.obj
D:\01_workspace\Github\expcodes\c\01-reverse-engineering\WinProcess\trunk\x64\Release\WinProcess.exe
D:\01_workspace\Github\expcodes\c\01-reverse-engineering\WinProcess\trunk\x64\Release\WinProcess.pdb
D:\WORKSPACE\VC\RE\WINPROCESS\WINPROCESS\X64\RELEASE\PROCESSMODULEDLG.OBJ
D:\WORKSPACE\VC\RE\WINPROCESS\WINPROCESS\X64\RELEASE\STDAFX.OBJ
D:\WORKSPACE\VC\RE\WINPROCESS\WINPROCESS\X64\RELEASE\SYSTEMPROCESSMGR.OBJ
D:\WORKSPACE\VC\RE\WINPROCESS\WINPROCESS\X64\RELEASE\VC100.PDB
D:\WORKSPACE\VC\RE\WINPROCESS\WINPROCESS\X64\RELEASE\WINPROCESS.EXE.INTERMEDIATE.MANIFEST
D:\WORKSPACE\VC\RE\WINPROCESS\WINPROCESS\X64\RELEASE\WINPROCESS.OBJ
D:\WORKSPACE\VC\RE\WINPROCESS\WINPROCESS\X64\RELEASE\WINPROCESS.PCH
D:\WORKSPACE\VC\RE\WINPROCESS\WINPROCESS\X64\RELEASE\WINPROCESS.RES
D:\WORKSPACE\VC\RE\WINPROCESS\WINPROCESS\X64\RELEASE\WINPROCESSDLG.OBJ
D:\WORKSPACE\VC\RE\WINPROCESS\X64\RELEASE\WINPROCESS.EXE
D:\WORKSPACE\VC\RE\WINPROCESS\X64\RELEASE\WINPROCESS.PDB
