生成启动时间为 2018-12-09 22:06:02。
     1>项目“D:\01_workspace\Github\expcodes\c\01-reverse-engineering\WinProcess\trunk\WinProcess\WinProcess.vcxproj”在节点 2 上(rebuild 个目标)。
     1>_PrepareForClean:
         正在删除文件“x64\Debug\WinProcess.lastbuildstate”。
       InitializeBuildStatus:
         正在对“x64\Debug\WinProcess.unsuccessfulbuild”执行 Touch 任务。
       ClCompile:
         E:\04_work\vs\2010\VC\bin\x86_amd64\CL.exe /c /Zi /nologo /W3 /WX- /Od /D WIN32 /D _WINDOWS /D _DEBUG /D _UNICODE /D UNICODE /Gm /EHsc /RTC1 /MTd /GS /fp:precise /Zc:wchar_t /Zc:forScope /Yc"StdAfx.h" /Fp"x64\Debug\WinProcess.pch" /Fo"x64\Debug\\" /Fd"x64\Debug\vc100.pdb" /Gd /TP /errorReport:prompt stdafx.cpp
         stdafx.cpp
         E:\04_work\vs\2010\VC\bin\x86_amd64\CL.exe /c /Zi /nologo /W3 /WX- /Od /D WIN32 /D _WINDOWS /D _DEBUG /D _UNICODE /D UNICODE /Gm /EHsc /RTC1 /MTd /GS /fp:precise /Zc:wchar_t /Zc:forScope /Yu"StdAfx.h" /Fp"x64\Debug\WinProcess.pch" /Fo"x64\Debug\\" /Fd"x64\Debug\vc100.pdb" /Gd /TP /errorReport:prompt ProcessModuleDlg.cpp WinProcess.cpp WinProcessDlg.cpp SystemProcessMgr.cpp
         SystemProcessMgr.cpp
     1>SystemProcessMgr.cpp(126): warning C4267: “初始化”: 从“size_t”转换到“const int”，可能丢失数据
     1>SystemProcessMgr.cpp(147): warning C4267: “初始化”: 从“size_t”转换到“const int”，可能丢失数据
     1>SystemProcessMgr.cpp(163): warning C4996: 'stricmp': The POSIX name for this item is deprecated. Instead, use the ISO C++ conformant name: _stricmp. See online help for details.
                 E:\04_work\vs\2010\VC\include\string.h(246) : 参见“stricmp”的声明
         WinProcessDlg.cpp
         WinProcess.cpp
         ProcessModuleDlg.cpp
         Generating Code...
       ResourceCompile:
         C:\Program Files (x86)\Microsoft SDKs\Windows\v7.0A\bin\rc.exe /D _DEBUG /D _UNICODE /D UNICODE /l"0x0804" /Ix64\Debug\ /nologo /fo"x64\Debug\WinProcess.res" WinProcess.rc 
       Link:
         E:\04_work\vs\2010\VC\bin\x86_amd64\link.exe /ERRORREPORT:PROMPT /OUT:"D:\01_workspace\Github\expcodes\c\01-reverse-engineering\WinProcess\trunk\x64\Debug\WinProcess.exe" /INCREMENTAL /NOLOGO /MANIFEST:NO /DEBUG /PDB:"D:\01_workspace\Github\expcodes\c\01-reverse-engineering\WinProcess\trunk\x64\Debug\WinProcess.pdb" /SUBSYSTEM:WINDOWS /TLBID:1 /ENTRY:"wWinMainCRTStartup" /DYNAMICBASE /NXCOMPAT /IMPLIB:"D:\01_workspace\Github\expcodes\c\01-reverse-engineering\WinProcess\trunk\x64\Debug\WinProcess.lib" /MACHINE:X64 x64\Debug\WinProcess.res
         x64\Debug\ProcessModuleDlg.obj
         x64\Debug\WinProcess.obj
         x64\Debug\WinProcessDlg.obj
         x64\Debug\stdafx.obj
         x64\Debug\SystemProcessMgr.obj
         "exp-libs.lib"
         WinProcess.vcxproj -> D:\01_workspace\Github\expcodes\c\01-reverse-engineering\WinProcess\trunk\x64\Debug\WinProcess.exe
       FinalizeBuildStatus:
         正在删除文件“x64\Debug\WinProcess.unsuccessfulbuild”。
         正在对“x64\Debug\WinProcess.lastbuildstate”执行 Touch 任务。
     1>已完成生成项目“D:\01_workspace\Github\expcodes\c\01-reverse-engineering\WinProcess\trunk\WinProcess\WinProcess.vcxproj”(rebuild 个目标)的操作。

生成成功。

已用时间 00:00:09.08
